2026-05-16 15:18:02,437 - INFO - generated new fontManager
2026-05-16 15:21:13,524 - INFO - File 'self_songbie.mp3' uploaded successfully.
2026-05-16 15:21:14,626 - INFO - Analyzing 'self_songbie.mp3' with params: {'sr': 22050, 'n_fft': 2048, 'hop_length': 512, 'cmap': 'viridis'}
2026-05-16 15:21:18,887 - INFO - Successfully generated plots for 'self_songbie.mp3'.
2026-05-16 15:21:18,903 - INFO - Started task 59424d4b-e65e-48b7-bb20-2ba23e6d165b for function create_spectrum_animation
2026-05-16 15:21:20,608 - INFO - Loaded audio file 'uploads/self_songbie.mp3' with sample rate 44100 and 2560858 samples.
2026-05-16 15:21:20,778 - INFO - Computed frame-wise FFT with n_fft=2048, hop_length=512. Result shape: (1025, 4998)
2026-05-16 15:21:20,779 - INFO - Frequency range: 21.533203125 Hz to 22050.0 Hz
2026-05-16 15:21:20,793 - INFO - Animation.save using <class 'matplotlib.animation.FFMpegWriter'>
2026-05-16 15:21:20,794 - INFO - MovieWriter._run: running command: ffmpeg -f rawvideo -vcodec rawvideo -s 1200x700 -pix_fmt rgba -r 86 -loglevel error -i pipe: -vcodec h264 -pix_fmt yuv420p -y videos/spectrum_self_songbie.mp4
2026-05-16 15:22:49,319 - INFO - Silent FFT spectrum animation saved to: videos/spectrum_self_songbie.mp4
2026-05-18 05:30:27,719 - INFO - generated new fontManager
2026-05-18 05:37:30,695 - INFO - File 'self_songbie.mp3' uploaded successfully.
2026-05-18 05:37:31,845 - INFO - Analyzing 'self_songbie.mp3' with params: {'sr': 22050, 'n_fft': 2048, 'hop_length': 512, 'cmap': 'viridis'}
2026-05-18 05:37:38,336 - INFO - Successfully generated plots for 'self_songbie.mp3'.
2026-05-18 05:37:38,356 - INFO - Started task 4db529bd-1d67-401e-b437-98e775f55b4e for function create_spectrum_animation
2026-05-18 05:37:40,409 - INFO - Loaded audio file 'uploads/self_songbie.mp3' with sample rate 44100 and 2560858 samples.
2026-05-18 05:37:40,609 - INFO - Computed frame-wise FFT with n_fft=2048, hop_length=512. Result shape: (1025, 4998)
2026-05-18 05:37:40,609 - INFO - Frequency range: 21.533203125 Hz to 22050.0 Hz
2026-05-18 05:37:40,631 - INFO - Animation.save using <class 'matplotlib.animation.FFMpegWriter'>
2026-05-18 05:37:40,632 - INFO - MovieWriter._run: running command: ffmpeg -f rawvideo -vcodec rawvideo -s 1200x700 -pix_fmt rgba -r 86 -loglevel error -i pipe: -vcodec h264 -pix_fmt yuv420p -y videos/spectrum_self_songbie.mp4
2026-05-18 05:39:18,252 - INFO - Silent FFT spectrum animation saved to: videos/spectrum_self_songbie.mp4
2026-05-18 05:52:37,083 - INFO - generated new fontManager
2026-05-18 15:03:31,025 - INFO - generated new fontManager
2026-05-18 15:09:54,219 - INFO - generated new fontManager
2026-05-18 15:10:32,368 - INFO - File 'self_songbie.mp3' uploaded successfully.
2026-05-18 15:10:33,283 - INFO - Analyzing 'self_songbie.mp3' with params: {'sr': 22050, 'n_fft': 2048, 'hop_length': 512, 'cmap': 'viridis'}
2026-05-18 15:10:37,751 - INFO - Successfully generated plots for 'self_songbie.mp3'.
2026-05-18 15:10:37,768 - INFO - Started task 4043ed5c-acda-48cb-acd6-491289ccff4e for function create_spectrum_animation
2026-05-18 15:10:37,811 - WARNING - No hostname was supplied. Reverting to default 'localhost'
2026-05-18 15:10:38,431 - ERROR - Error processing animation for self_songbie.mp3: [Errno 111] Connection refused
Traceback (most recent call last):
  File "/usr/local/lib/python3.9/site-packages/kombu/utils/functional.py", line 32, in __call__
    return self.__value__
AttributeError: 'ChannelPromise' object has no attribute '__value__'

During handling of the above exception, another exception occurred:

Traceback (most recent call last):
  File "/usr/local/lib/python3.9/site-packages/kombu/connection.py", line 474, in _reraise_as_library_errors
    yield
  File "/usr/local/lib/python3.9/site-packages/kombu/connection.py", line 461, in _ensure_connection
    return retry_over_time(
  File "/usr/local/lib/python3.9/site-packages/kombu/utils/functional.py", line 318, in retry_over_time
    return fun(*args, **kwargs)
  File "/usr/local/lib/python3.9/site-packages/kombu/connection.py", line 941, in _connection_factory
    self._connection = self._establish_connection()
  File "/usr/local/lib/python3.9/site-packages/kombu/connection.py", line 863, in _establish_connection
    conn = self.transport.establish_connection()
  File "/usr/local/lib/python3.9/site-packages/kombu/transport/pyamqp.py", line 203, in establish_connection
    conn.connect()
  File "/usr/local/lib/python3.9/site-packages/amqp/connection.py", line 324, in connect
    self.transport.connect()
  File "/usr/local/lib/python3.9/site-packages/amqp/transport.py", line 132, in connect
    self._connect(self.host, self.port, self.connect_timeout)
  File "/usr/local/lib/python3.9/site-packages/amqp/transport.py", line 187, in _connect
    self.sock.connect(sa)
ConnectionRefusedError: [Errno 111] Connection refused

The above exception was the direct cause of the following exception:

Traceback (most recent call last):
  File "/app/app/api/signal.py", line 116, in animate_signal_route
    task = create_spectrogram_animation.delay(
  File "/usr/local/lib/python3.9/site-packages/celery/app/task.py", line 444, in delay
    return self.apply_async(args, kwargs)
  File "/usr/local/lib/python3.9/site-packages/celery/app/task.py", line 594, in apply_async
    return app.send_task(
  File "/usr/local/lib/python3.9/site-packages/celery/app/base.py", line 798, in send_task
    amqp.send_task_message(P, name, message, **options)
  File "/usr/local/lib/python3.9/site-packages/celery/app/amqp.py", line 517, in send_task_message
    ret = producer.publish(
  File "/usr/local/lib/python3.9/site-packages/kombu/messaging.py", line 190, in publish
    return _publish(
  File "/usr/local/lib/python3.9/site-packages/kombu/connection.py", line 558, in _ensured
    return fun(*args, **kwargs)
  File "/usr/local/lib/python3.9/site-packages/kombu/messaging.py", line 200, in _publish
    channel = self.channel
  File "/usr/local/lib/python3.9/site-packages/kombu/messaging.py", line 224, in _get_channel
    channel = self._channel = channel()
  File "/usr/local/lib/python3.9/site-packages/kombu/utils/functional.py", line 34, in __call__
    value = self.__value__ = self.__contract__()
  File "/usr/local/lib/python3.9/site-packages/kombu/messaging.py", line 240, in <lambda>
    channel = ChannelPromise(lambda: connection.default_channel)
  File "/usr/local/lib/python3.9/site-packages/kombu/connection.py", line 960, in default_channel
    self._ensure_connection(**conn_opts)
  File "/usr/local/lib/python3.9/site-packages/kombu/connection.py", line 461, in _ensure_connection
    return retry_over_time(
  File "/usr/local/lib/python3.9/contextlib.py", line 137, in __exit__
    self.gen.throw(typ, value, traceback)
  File "/usr/local/lib/python3.9/site-packages/kombu/connection.py", line 478, in _reraise_as_library_errors
    raise ConnectionError(str(exc)) from exc
kombu.exceptions.OperationalError: [Errno 111] Connection refused
2026-05-18 15:10:40,160 - INFO - Loaded audio file 'uploads/self_songbie.mp3' with sample rate 44100 and 2560858 samples.
2026-05-18 15:10:40,327 - INFO - Computed frame-wise FFT with n_fft=2048, hop_length=512. Result shape: (1025, 4998)
2026-05-18 15:10:40,328 - INFO - Frequency range: 21.533203125 Hz to 22050.0 Hz
2026-05-18 15:10:40,342 - INFO - Animation.save using <class 'matplotlib.animation.FFMpegWriter'>
2026-05-18 15:10:40,343 - INFO - MovieWriter._run: running command: ffmpeg -f rawvideo -vcodec rawvideo -s 1200x700 -pix_fmt rgba -r 86 -loglevel error -i pipe: -vcodec h264 -pix_fmt yuv420p -y videos/spectrum_self_songbie.mp4
2026-05-18 15:11:58,755 - INFO - Silent FFT spectrum animation saved to: videos/spectrum_self_songbie.mp4
2026-05-19 02:20:48,613 - INFO - generated new fontManager
2026-05-19 02:23:14,317 - INFO - File 'self_songbie.mp3' uploaded successfully.
2026-05-19 02:23:15,844 - INFO - Analyzing 'self_songbie.mp3' with params: {'sr': 22050, 'n_fft': 2048, 'hop_length': 512, 'cmap': 'viridis'}
2026-05-19 02:23:21,116 - INFO - Successfully generated plots for 'self_songbie.mp3'.
2026-05-19 02:23:21,133 - INFO - Started task f2a235d9-4cc8-41d3-bd1d-657ff3bf6d2b for function create_spectrogram_animation
2026-05-19 02:23:21,134 - INFO - Successfully queued animation task for 'self_songbie.mp3': f2a235d9-4cc8-41d3-bd1d-657ff3bf6d2b
2026-05-19 02:23:21,137 - INFO - Started task 9cd8ecc0-863f-4133-8a26-1dee2803f04e for function create_spectrum_animation
2026-05-19 02:23:23,041 - INFO - Loaded audio file 'uploads/self_songbie.mp3' with sample rate 44100 and 2560858 samples.
2026-05-19 02:23:23,329 - INFO - Computed frame-wise FFT with n_fft=2048, hop_length=512. Result shape: (1025, 4998)
2026-05-19 02:23:23,329 - INFO - Frequency range: 21.533203125 Hz to 22050.0 Hz
2026-05-19 02:23:23,359 - INFO - Animation.save using <class 'matplotlib.animation.FFMpegWriter'>
2026-05-19 02:23:23,360 - INFO - MovieWriter._run: running command: ffmpeg -f rawvideo -vcodec rawvideo -s 1200x700 -pix_fmt rgba -r 86 -loglevel error -i pipe: -vcodec h264 -pix_fmt yuv420p -y videos/spectrum_self_songbie.mp4
2026-05-19 02:23:23,677 - INFO - Animation.save using <class 'matplotlib.animation.FFMpegWriter'>
2026-05-19 02:23:23,682 - INFO - MovieWriter._run: running command: ffmpeg -f rawvideo -vcodec rawvideo -s 1200x700 -pix_fmt rgba -r 86 -loglevel error -i pipe: -vcodec h264 -pix_fmt yuv420p -y animations/self_songbie_80bf48ed9d0b478db6318baa538fdf56_stft.mp4
2026-05-19 02:30:54,542 - INFO - Silent FFT spectrum animation saved to: videos/spectrum_self_songbie.mp4
2026-05-19 14:06:19,157 - INFO - generated new fontManager
